<?xml version="1.0" encoding="UTF-8"?>
<!-- Generated by org.testng.reporters.JUnitReportReporter -->
<testsuite hostname="Shultz" failures="0" tests="2" name="testNG.NewTest" time="0.010" errors="0" timestamp="18 Jan 2018 22:02:20 GMT" skipped="0">
  <testcase classname="testNG.NewTest" name="f1" time="0.002"/>
  <testcase classname="testNG.NewTest" name="f" time="0.008"/>
</testsuite> <!-- testNG.NewTest -->
