<?xml version="1.0" encoding="UTF-8"?>
<!-- Generated by org.testng.reporters.JUnitReportReporter -->
<testsuite hostname="Shultz" failures="0" tests="1" name="testNG.NewCustomer_IPTV" time="0.014" errors="0" timestamp="18 Jan 2018 22:02:20 GMT" skipped="0">
  <testcase classname="testNG.NewCustomer_IPTV" name="login_SM_iptv" time="0.014"/>
</testsuite> <!-- testNG.NewCustomer_IPTV -->
