<?xml version="1.0" encoding="UTF-8"?>
<!-- Generated by org.testng.reporters.JUnitReportReporter -->
<testsuite hostname="Shultz" failures="0" tests="3" name="testNG.NewCustomer_DIAL" time="0.021" errors="0" timestamp="18 Jan 2018 20:53:25 GMT" skipped="0">
  <testcase classname="testNG.NewCustomer_DIAL" name="complete_customer_dial" time="0.017"/>
  <testcase classname="testNG.NewCustomer_DIAL" name="validate_workflow_dial" time="0.002"/>
  <testcase classname="testNG.NewCustomer_DIAL" name="login_SM_dial" time="0.002"/>
</testsuite> <!-- testNG.NewCustomer_DIAL -->
