<?xml version="1.0" encoding="UTF-8"?>
<!-- Generated by org.testng.reporters.JUnitReportReporter -->
<testsuite hostname="Shultz" failures="0" tests="3" name="testNG.NewCustomer_DSL" time="0.003" errors="0" timestamp="21 Jan 2018 10:45:36 GMT" skipped="0">
  <testcase classname="testNG.NewCustomer_DSL" name="complete_customer_dsl" time="0.002"/>
  <testcase classname="testNG.NewCustomer_DSL" name="validate_workflow_dsl" time="0.000"/>
  <testcase classname="testNG.NewCustomer_DSL" name="login_SM_dsl" time="0.001"/>
</testsuite> <!-- testNG.NewCustomer_DSL -->
