<?xml version="1.0" encoding="UTF-8"?>
<!-- Generated by org.testng.reporters.JUnitReportReporter -->
<testsuite hostname="Shultz" failures="0" tests="1" name="testNG.NewCustomer_IPTV" time="0.004" errors="0" timestamp="21 Jan 2018 10:45:36 GMT" skipped="0">
  <testcase classname="testNG.NewCustomer_IPTV" name="login_SM_iptv" time="0.004"/>
</testsuite> <!-- testNG.NewCustomer_IPTV -->
