<?xml version="1.0" encoding="UTF-8"?>
<!-- Generated by org.testng.reporters.JUnitReportReporter -->
<testsuite hostname="Shultz" failures="0" tests="2" name="testNG.NewTest" time="0.002" errors="0" timestamp="21 Jan 2018 10:45:36 GMT" skipped="0">
  <testcase classname="testNG.NewTest" name="f1" time="0.001"/>
  <testcase classname="testNG.NewTest" name="f" time="0.001"/>
</testsuite> <!-- testNG.NewTest -->
